<?xml version="1.0" encoding="UTF-8"?>
<!-- Generated by org.testng.reporters.JUnitReportReporter -->
<testsuite hostname="DESKTOP-15P8K1F" failures="0" tests="2" name="com.leaftaps.ui.testCases.CreateLeadTestCase" time="38.231" errors="0" timestamp="2023-03-02T15:18:41 CST" skipped="0">
  <testcase classname="com.leaftaps.ui.testCases.CreateLeadTestCase" name="createLeadTest" time="18.122"/>
  <system-out/>
  <testcase classname="com.leaftaps.ui.testCases.CreateLeadTestCase" name="createLeadTest" time="20.109"/>
  <system-out/>
</testsuite> <!-- com.leaftaps.ui.testCases.CreateLeadTestCase -->
